<?xml version="1.0" encoding="UTF-8"?>
<Site BuildName="(empty)"
	BuildStamp="20240224-0519-Experimental"
	Name="(empty)"
	Generator="ctest-3.27.0-rc4"
	CompilerName=""
	CompilerVersion=""
	OSName="Linux"
	Hostname="P720"
	OSRelease="5.4.0-149-generic"
	OSVersion="#166~18.04.1-Ubuntu SMP Fri Apr 21 16:42:44 UTC 2023"
	OSPlatform="x86_64"
	Is64Bits="1"
	VendorString="GenuineIntel"
	VendorID="Intel Corporation"
	FamilyID="6"
	ModelID="85"
	ProcessorCacheSize="16896"
	NumberOfLogicalCPU="48"
	NumberOfPhysicalCPU="24"
	TotalVirtualMemory="2047"
	TotalPhysicalMemory="64030"
	LogicalProcessorsPerPhysical="2"
	ProcessorClockFrequency="1006.12"
	>
	<Testing>
		<StartDateTime>Feb 24 13:19 CST</StartDateTime>
		<StartTestTime>1708751946</StartTestTime>
		<TestList/>
		<EndDateTime>Feb 24 13:19 CST</EndDateTime>
		<EndTestTime>1708751946</EndTestTime>
		<ElapsedMinutes>0</ElapsedMinutes>
	</Testing>
</Site>
