<?xml version="1.0" encoding="UTF-8"?>
<Site BuildName="(empty)"
	BuildStamp="20240729-0841-Experimental"
	Name="(empty)"
	Generator="ctest-3.22.1"
	CompilerName=""
	CompilerVersion=""
	OSName="Linux"
	Hostname="jeffwang-S2600STB"
	OSRelease="6.5.0-35-generic"
	OSVersion="#35~22.04.1-Ubuntu SMP PREEMPT_DYNAMIC Tue May  7 09:00:52 UTC 2"
	OSPlatform="x86_64"
	Is64Bits="1"
	VendorString="GenuineIntel"
	VendorID="Intel Corporation"
	FamilyID="6"
	ModelID="85"
	ProcessorCacheSize="39424"
	NumberOfLogicalCPU="112"
	NumberOfPhysicalCPU="56"
	TotalVirtualMemory="0"
	TotalPhysicalMemory="418632"
	LogicalProcessorsPerPhysical="2"
	ProcessorClockFrequency="1000.07"
	>
	<Testing>
		<StartDateTime>Jul 29 16:41 CST</StartDateTime>
		<StartTestTime>1722242484</StartTestTime>
		<TestList>
			<Test>./env_posix_test</Test>
		</TestList>
		<Test Status="failed">
			<Name>env_posix_test</Name>
			<Path>.</Path>
			<FullName>./env_posix_test</FullName>
			<FullCommandLine>/home/jeff-wang/WorkloadAnalysis/hotdb/build/env_posix_test</FullCommandLine>
			<Results>
				<NamedMeasurement type="text/string" name="Exit Code">
					<Value>Failed</Value>
				</NamedMeasurement>
				<NamedMeasurement type="text/string" name="Exit Value">
					<Value>1</Value>
				</NamedMeasurement>
				<NamedMeasurement type="numeric/double" name="Execution Time">
					<Value>8.36075</Value>
				</NamedMeasurement>
				<NamedMeasurement type="numeric/double" name="Processors">
					<Value>1</Value>
				</NamedMeasurement>
				<NamedMeasurement type="text/string" name="Completion Status">
					<Value>Completed</Value>
				</NamedMeasurement>
				<NamedMeasurement type="text/string" name="Command Line">
					<Value>/home/jeff-wang/WorkloadAnalysis/hotdb/build/env_posix_test</Value>
				</NamedMeasurement>
				<NamedMeasurement type="text/string" name="Environment">
					<Value>#CTEST_RESOURCE_GROUP_COUNT=</Value>
				</NamedMeasurement>
				<Measurement>
					<Value encoding="base64" compression="gzip">eJzNlN9v2jAQx9/9V9zTBNJIyoAGReIhGqGqhkpF6KoJIWTiC3g1dmY7he6vn0NaBJW6NnvaPURK7sfHzvfu5oOjLWBaSMnlGgKwaKyBTKsttA8vYApu0SPz1tEWcCXUiorKj/KRayW3KF0s2laRvwo+KxrLx1tl+H7mPpE5TO9u4GCLM49XPiY5yomcImUusLLJt78HQqMNW9N8p/BXoQxOZLzHNMFfhTs4p2LEBb7DeTPPYTu9fj3ylEqmtlGaojH12K8zS/plrx79XnNLVwLrkU+zSmpQ885R7pRiR27EmHZ3SKjklv9GHQ7jaDj+kVxf3UTj/9Trb9QW/Z+YZa0dlWv/XukHoSiLJBVPhhvnt2zlF5YL303GMi//xbIcAC9Nw3YvCGFEuSg0ku9UFAgqC6HRaKQbLtjSWGoL04RPcLEPsiYMBnDRJABRagsqQsioMEjifY6pRRaC1QWS2QZhgyJHDblWZVcA4wykcrO55xZ23G6AyuolVewg+Ci6HsfDeoI5ybtBt57kY5U+1Guyl4yywfqdurT1GnUdVhl/GKDnxfGhxQWNfudLeTSwylLRJB/bjhapbjG1k2R+unzfXLqgqfQOrO4Jy13uNkqSSrzLKtc7l7Qq8hkEN65NYIVC7cJ/VZ0QV+85cRYnM/IHiTgGHw==</Value>
				</Measurement>
			</Results>
		</Test>
		<EndDateTime>Jul 29 16:41 CST</EndDateTime>
		<EndTestTime>1722242492</EndTestTime>
		<ElapsedMinutes>0</ElapsedMinutes>
	</Testing>
</Site>
