Start testing: Jul 29 16:41 CST
----------------------------------------------------------
3/3 Testing: env_posix_test
3/3 Test: env_posix_test
Command: "/home/jeff-wang/WorkloadAnalysis/hotdb/build/env_posix_test"
Directory: /home/jeff-wang/WorkloadAnalysis/hotdb/build
"env_posix_test" start time: Jul 29 16:41 CST
Output:
----------------------------------------------------------
[==========] Running 7 tests from 1 test suite.
[----------] Global test environment set-up.
[----------] 7 tests from EnvPosixTest
[ RUN      ] EnvPosixTest.TestOpenOnRead
[       OK ] EnvPosixTest.TestOpenOnRead (1 ms)
[ RUN      ] EnvPosixTest.TestCloseOnExecSequentialFile
[       OK ] EnvPosixTest.TestCloseOnExecSequentialFile (1358 ms)
[ RUN      ] EnvPosixTest.TestCloseOnExecRandomAccessFile
[       OK ] EnvPosixTest.TestCloseOnExecRandomAccessFile (1365 ms)
[ RUN      ] EnvPosixTest.TestCloseOnExecWritableFile
[       OK ] EnvPosixTest.TestCloseOnExecWritableFile (1378 ms)
[ RUN      ] EnvPosixTest.TestCloseOnExecAppendableFile
AddressSanitizer:DEADLYSIGNAL
AddressSanitizer:DEADLYSIGNAL
AddressSanitizer:DEADLYSIGNAL
AddressSanitizer:DEADLYSIGNAL
AddressSanitizer:DEADLYSIGNAL
AddressSanitizer:DEADLYSIGNAL
/home/jeff-wang/WorkloadAnalysis/hotdb/util/env_posix_test.cc:157: Failure
Value of: (((child_status) & 0x7f) == 0)
  Actual: false
Expected: true
The helper process did not exit with an exit code
[  FAILED  ] EnvPosixTest.TestCloseOnExecAppendableFile (1474 ms)
[ RUN      ] EnvPosixTest.TestCloseOnExecLockFile
[       OK ] EnvPosixTest.TestCloseOnExecLockFile (1383 ms)
[ RUN      ] EnvPosixTest.TestCloseOnExecLogger
[       OK ] EnvPosixTest.TestCloseOnExecLogger (1361 ms)
[----------] 7 tests from EnvPosixTest (8323 ms total)

[----------] Global test environment tear-down
[==========] 7 tests from 1 test suite ran. (8324 ms total)
[  PASSED  ] 6 tests.
[  FAILED  ] 1 test, listed below:
[  FAILED  ] EnvPosixTest.TestCloseOnExecAppendableFile

 1 FAILED TEST
<end of output>
Test time =   8.36 sec
----------------------------------------------------------
Test Failed.
"env_posix_test" end time: Jul 29 16:41 CST
"env_posix_test" time elapsed: 00:00:08
----------------------------------------------------------

End testing: Jul 29 16:41 CST
