<?xml version="1.0" encoding="UTF-8"?>
<Site BuildName="(empty)"
	BuildStamp="20240413-0629-Experimental"
	Name="(empty)"
	Generator="ctest-3.22.1"
	CompilerName=""
	CompilerVersion=""
	OSName="Linux"
	Hostname="jeffwang-S2600STB"
	OSRelease="6.5.0-27-generic"
	OSVersion="#28~22.04.1-Ubuntu SMP PREEMPT_DYNAMIC Fri Mar 15 10:51:06 UTC 2"
	OSPlatform="x86_64"
	Is64Bits="1"
	VendorString="GenuineIntel"
	VendorID="Intel Corporation"
	FamilyID="6"
	ModelID="85"
	ProcessorCacheSize="39424"
	NumberOfLogicalCPU="112"
	NumberOfPhysicalCPU="56"
	TotalVirtualMemory="0"
	TotalPhysicalMemory="418632"
	LogicalProcessorsPerPhysical="2"
	ProcessorClockFrequency="1900.29"
	>
	<Testing>
		<StartDateTime>Apr 13 16:16 CST</StartDateTime>
		<StartTestTime>1712996174</StartTestTime>
		<TestList/>
		<EndDateTime>Apr 13 16:16 CST</EndDateTime>
		<EndTestTime>1712996174</EndTestTime>
		<ElapsedMinutes>0</ElapsedMinutes>
	</Testing>
</Site>
