<?xml version="1.0" encoding="UTF-8"?>
<Site BuildName="(empty)"
	BuildStamp="20240911-1426-Experimental"
	Name="(empty)"
	Generator="ctest-3.22.1"
	CompilerName=""
	CompilerVersion=""
	OSName="Linux"
	Hostname="jeffwang-S2600STB"
	OSRelease="6.5.0-44-generic"
	OSVersion="#44~22.04.1-Ubuntu SMP PREEMPT_DYNAMIC Tue Jun 18 14:36:16 UTC 2"
	OSPlatform="x86_64"
	Is64Bits="1"
	VendorString="GenuineIntel"
	VendorID="Intel Corporation"
	FamilyID="6"
	ModelID="85"
	ProcessorCacheSize="39424"
	NumberOfLogicalCPU="112"
	NumberOfPhysicalCPU="56"
	TotalVirtualMemory="0"
	TotalPhysicalMemory="418632"
	LogicalProcessorsPerPhysical="2"
	ProcessorClockFrequency="1000.18"
	>
	<Testing>
		<StartDateTime>Sep 11 22:26 CST</StartDateTime>
		<StartTestTime>1726064788</StartTestTime>
		<TestList/>
		<EndDateTime>Sep 11 22:26 CST</EndDateTime>
		<EndTestTime>1726064788</EndTestTime>
		<ElapsedMinutes>0</ElapsedMinutes>
	</Testing>
</Site>
