<?xml version="1.0" encoding="UTF-8"?>
<Site BuildName="(empty)"
	BuildStamp="20241102-0845-Experimental"
	Name="(empty)"
	Generator="ctest-3.22.1"
	CompilerName=""
	CompilerVersion=""
	OSName="Linux"
	Hostname="jeffwang-S2600STB"
	OSRelease="6.8.0-40-generic"
	OSVersion="#40~22.04.3-Ubuntu SMP PREEMPT_DYNAMIC Tue Jul 30 17:30:19 UTC 2"
	OSPlatform="x86_64"
	Is64Bits="1"
	VendorString="GenuineIntel"
	VendorID="Intel Corporation"
	FamilyID="6"
	ModelID="85"
	ProcessorCacheSize="39424"
	NumberOfLogicalCPU="112"
	NumberOfPhysicalCPU="56"
	TotalVirtualMemory="0"
	TotalPhysicalMemory="418631"
	LogicalProcessorsPerPhysical="2"
	ProcessorClockFrequency="999.971"
	>
	<Testing>
		<StartDateTime>Nov 02 16:45 CST</StartDateTime>
		<StartTestTime>1730537133</StartTestTime>
		<TestList/>
		<EndDateTime>Nov 02 16:45 CST</EndDateTime>
		<EndTestTime>1730537133</EndTestTime>
		<ElapsedMinutes>0</ElapsedMinutes>
	</Testing>
</Site>
