<?xml version="1.0" encoding="UTF-8"?>
<Site BuildName="(empty)"
	BuildStamp="20240502-0652-Experimental"
	Name="(empty)"
	Generator="ctest-3.22.1"
	CompilerName=""
	CompilerVersion=""
	OSName="Linux"
	Hostname="jeffwang-S2600STB"
	OSRelease="6.5.0-28-generic"
	OSVersion="#29~22.04.1-Ubuntu SMP PREEMPT_DYNAMIC Thu Apr  4 14:39:20 UTC 2"
	OSPlatform="x86_64"
	Is64Bits="1"
	VendorString="GenuineIntel"
	VendorID="Intel Corporation"
	FamilyID="6"
	ModelID="85"
	ProcessorCacheSize="39424"
	NumberOfLogicalCPU="112"
	NumberOfPhysicalCPU="56"
	TotalVirtualMemory="0"
	TotalPhysicalMemory="418632"
	LogicalProcessorsPerPhysical="2"
	ProcessorClockFrequency="1800"
	>
	<Testing>
		<StartDateTime>May 02 14:52 CST</StartDateTime>
		<StartTestTime>1714632775</StartTestTime>
		<TestList/>
		<EndDateTime>May 02 14:52 CST</EndDateTime>
		<EndTestTime>1714632775</EndTestTime>
		<ElapsedMinutes>0</ElapsedMinutes>
	</Testing>
</Site>
